<?xml version="1.0" encoding="UTF-8"?>
<!-- Generated by org.testng.reporters.JUnitReportReporter -->
<testsuite skipped="0" hostname="windows-PC" name="testNg.ExceptionTimeOutTest" tests="1" failures="0" timestamp="27 Dec 2019 17:29:44 GMT" time="0.018" errors="0">
  <testcase name="Test" time="0.018" classname="testNg.ExceptionTimeOutTest"/>
</testsuite> <!-- testNg.ExceptionTimeOutTest -->
